<?xml version="1.0" encoding="UTF-8"?>
<!-- Generated by org.testng.reporters.JUnitReportReporter -->
<testsuite hostname="BCP-ATLT1736" failures="0" tests="2" name="com.loan.terstcases.PropertyLoan" time="0.002" errors="0" timestamp="2022-09-12T14:21:34 IST" skipped="0">
  <testcase classname="com.loan.terstcases.PropertyLoan" name="apiPropertyLoan" time="0.001"/>
  <system-out/>
  <testcase classname="com.loan.terstcases.PropertyLoan" name="mobilePagePropertyLoan" time="0.001"/>
  <system-out/>
</testsuite> <!-- com.loan.terstcases.PropertyLoan -->
