<?xml version="1.0" encoding="UTF-8"?>
<!-- Generated by org.testng.reporters.JUnitReportReporter -->
<testsuite hostname="BCP-ATLT1736" failures="0" tests="3" name="com.loan.terstcases.EducationLoan" time="0.004" errors="0" timestamp="2022-09-12T14:21:34 IST" skipped="1">
  <testcase classname="com.loan.terstcases.EducationLoan" name="mobilePageEducationLoan" time="0.002"/>
  <system-out/>
  <testcase classname="com.loan.terstcases.EducationLoan" name="apiEducationLoan" time="0.002"/>
  <system-out/>
  <testcase classname="com.loan.terstcases.EducationLoan" name="webPageEducationLoan">
    <skipped/>
  </testcase> <!-- webPageEducationLoan -->
  <system-out/>
</testsuite> <!-- com.loan.terstcases.EducationLoan -->
