<?xml version="1.0" encoding="UTF-8"?>
<!-- Generated by org.testng.reporters.JUnitReportReporter -->
<testsuite hostname="BCP-ATLT1736" failures="0" tests="4" name="com.loan.terstcases.HomeLoan" time="0.007" errors="0" timestamp="2022-09-12T14:21:34 IST" skipped="0">
  <testcase classname="com.loan.terstcases.HomeLoan" name="apiHomeLoan" time="0.001"/>
  <system-out/>
  <testcase classname="com.loan.terstcases.HomeLoan" name="zTest" time="0.001"/>
  <system-out/>
  <testcase classname="com.loan.terstcases.HomeLoan" name="mobilePageHomeLoan" time="0.002"/>
  <system-out/>
  <testcase classname="com.loan.terstcases.HomeLoan" name="yTest" time="0.003"/>
  <system-out/>
</testsuite> <!-- com.loan.terstcases.HomeLoan -->
