<?xml version="1.0" encoding="UTF-8"?>
<!-- Generated by org.testng.reporters.JUnitReportReporter -->
<testsuite hostname="BCP-ATLT1736" failures="0" tests="3" name="com.loan.terstcases.CarLoan" time="0.010" errors="0" timestamp="2022-09-12T14:21:34 IST" skipped="0">
  <testcase classname="com.loan.terstcases.CarLoan" name="webPageCarLoan" time="0.002"/>
  <system-out/>
  <testcase classname="com.loan.terstcases.CarLoan" name="apiCarLoan" time="0.006"/>
  <system-out/>
  <testcase classname="com.loan.terstcases.CarLoan" name="mobilePageCarLoan" time="0.002"/>
  <system-out/>
</testsuite> <!-- com.loan.terstcases.CarLoan -->
